<?xml version="1.0" encoding="UTF-8"?>
<testsuite xmlns:xsi="http://www.w3.org/2001/XMLSchema-instance" xsi:noNamespaceSchemaLocation="https://maven.apache.org/surefire/maven-surefire-plugin/xsd/surefire-test-report.xsd" name="service.CustomerServiceTest" time="0.048" tests="2" errors="0" skipped="0" failures="0">
  <properties>
[...]
</properties>
  <testcase name="getAllMessages" classname="service.CustomerServiceTest" time="0.042"/>
  <testcase name="saveMessage" classname="service.CustomerServiceTest" time="0.005"/>
</testsuite>